# JRE version: OpenJDK Runtime Environment (7.0_95) (build 1.7.0_95-b00)
# Java VM: OpenJDK 64-Bit Server VM (24.95-b01 mixed mode linux-amd64 compressed oops)
Heap
 PSYoungGen      total 48128K, used 2048K [0x00000000ecf00000, 0x00000000f0f00000, 0x0000000100000000)
  eden space 46080K, 0% used [0x00000000ecf00000,0x00000000ecf00000,0x00000000efc00000)
  from space 2048K, 100% used [0x00000000f0b00000,0x00000000f0d00000,0x00000000f0d00000)
  to   space 2048K, 0% used [0x00000000f0d00000,0x00000000f0d00000,0x00000000f0f00000)
 ParOldGen       total 65536K, used 57810K [0x00000000c6e00000, 0x00000000cae00000, 0x00000000ecf00000)
  object space 65536K, 88% used [0x00000000c6e00000,0x00000000ca674980,0x00000000cae00000)
 PSPermGen       total 21504K, used 4747K [0x00000000bc800000, 0x00000000bdd00000, 0x00000000c6e00000)
  object space 21504K, 22% used [0x00000000bc800000,0x00000000bcca2dd0,0x00000000bdd00000)
GC Heap History (10 events):
Event: 0.354 GC heap after
Heap after GC invocations=1 (full 0):
 PSYoungGen      total 17408K, used 496K [0x00000000ecf00000, 0x00000000ef100000, 0x0000000100000000)
  eden space 15360K, 0% used [0x00000000ecf00000,0x00000000ecf00000,0x00000000ede00000)
  from space 2048K, 24% used [0x00000000ede00000,0x00000000ede7c010,0x00000000ee000000)
  to   space 2048K, 0% used [0x00000000eef00000,0x00000000eef00000,0x00000000ef100000)
 ParOldGen       total 38912K, used 5955K [0x00000000c6e00000, 0x00000000c9400000, 0x00000000ecf00000)
  object space 38912K, 15% used [0x00000000c6e00000,0x00000000c73d0c18,0x00000000c9400000)
 PSPermGen       total 21504K, used 4653K [0x00000000bc800000, 0x00000000bdd00000, 0x00000000c6e00000)
  object space 21504K, 21% used [0x00000000bc800000,0x00000000bcc8b528,0x00000000bdd00000)
}
Event: 0.441 GC heap before
{Heap before GC invocations=2 (full 0):
 PSYoungGen      total 17408K, used 15856K [0x00000000ecf00000, 0x00000000ef100000, 0x0000000100000000)
  eden space 15360K, 100% used [0x00000000ecf00000,0x00000000ede00000,0x00000000ede00000)
  from space 2048K, 24% used [0x00000000ede00000,0x00000000ede7c010,0x00000000ee000000)
  to   space 2048K, 0% used [0x00000000eef00000,0x00000000eef00000,0x00000000ef100000)
 ParOldGen       total 38912K, used 5955K [0x00000000c6e00000, 0x00000000c9400000, 0x00000000ecf00000)
  object space 38912K, 15% used [0x00000000c6e00000,0x00000000c73d0c18,0x00000000c9400000)
 PSPermGen       total 21504K, used 4695K [0x00000000bc800000, 0x00000000bdd00000, 0x00000000c6e00000)
  object space 21504K, 21% used [0x00000000bc800000,0x00000000bcc95c78,0x00000000bdd00000)
Event: 0.460 GC heap after
Heap after GC invocations=2 (full 0):
 PSYoungGen      total 32768K, used 2034K [0x00000000ecf00000, 0x00000000ef100000, 0x0000000100000000)
  eden space 30720K, 0% used [0x00000000ecf00000,0x00000000ecf00000,0x00000000eed00000)
  from space 2048K, 99% used [0x00000000eef00000,0x00000000ef0fc970,0x00000000ef100000)
  to   space 2048K, 0% used [0x00000000eed00000,0x00000000eed00000,0x00000000eef00000)
 ParOldGen       total 38912K, used 11955K [0x00000000c6e00000, 0x00000000c9400000, 0x00000000ecf00000)
  object space 38912K, 30% used [0x00000000c6e00000,0x00000000c79acc18,0x00000000c9400000)
 PSPermGen       total 21504K, used 4695K [0x00000000bc800000, 0x00000000bdd00000, 0x00000000c6e00000)
  object space 21504K, 21% used [0x00000000bc800000,0x00000000bcc95c78,0x00000000bdd00000)
}
Event: 0.501 GC heap before
{Heap before GC invocations=3 (full 0):
 PSYoungGen      total 32768K, used 32754K [0x00000000ecf00000, 0x00000000ef100000, 0x0000000100000000)
  eden space 30720K, 100% used [0x00000000ecf00000,0x00000000eed00000,0x00000000eed00000)
  from space 2048K, 99% used [0x00000000eef00000,0x00000000ef0fc970,0x00000000ef100000)
  to   space 2048K, 0% used [0x00000000eed00000,0x00000000eed00000,0x00000000eef00000)
 ParOldGen       total 38912K, used 11955K [0x00000000c6e00000, 0x00000000c9400000, 0x00000000ecf00000)
  object space 38912K, 30% used [0x00000000c6e00000,0x00000000c79acc18,0x00000000c9400000)
 PSPermGen       total 21504K, used 4695K [0x00000000bc800000, 0x00000000bdd00000, 0x00000000c6e00000)
  object space 21504K, 21% used [0x00000000bc800000,0x00000000bcc95c78,0x00000000bdd00000)
Event: 0.525 GC heap after
Heap after GC invocations=3 (full 0):
 PSYoungGen      total 32768K, used 2048K [0x00000000ecf00000, 0x00000000f0f00000, 0x0000000100000000)
  eden space 30720K, 0% used [0x00000000ecf00000,0x00000000ecf00000,0x00000000eed00000)
  from space 2048K, 100% used [0x00000000eed00000,0x00000000eef00000,0x00000000eef00000)
  to   space 2048K, 0% used [0x00000000f0d00000,0x00000000f0d00000,0x00000000f0f00000)
 ParOldGen       total 38912K, used 28653K [0x00000000c6e00000, 0x00000000c9400000, 0x00000000ecf00000)
  object space 38912K, 73% used [0x00000000c6e00000,0x00000000c89fb790,0x00000000c9400000)
 PSPermGen       total 21504K, used 4695K [0x00000000bc800000, 0x00000000bdd00000, 0x00000000c6e00000)
  object space 21504K, 21% used [0x00000000bc800000,0x00000000bcc95c78,0x00000000bdd00000)
}
Event: 0.525 GC heap before
{Heap before GC invocations=4 (full 1):
 PSYoungGen      total 32768K, used 2048K [0x00000000ecf00000, 0x00000000f0f00000, 0x0000000100000000)
  eden space 30720K, 0% used [0x00000000ecf00000,0x00000000ecf00000,0x00000000eed00000)
  from space 2048K, 100% used [0x00000000eed00000,0x00000000eef00000,0x00000000eef00000)
  to   space 2048K, 0% used [0x00000000f0d00000,0x00000000f0d00000,0x00000000f0f00000)
 ParOldGen       total 38912K, used 28653K [0x00000000c6e00000, 0x00000000c9400000, 0x00000000ecf00000)
  object space 38912K, 73% used [0x00000000c6e00000,0x00000000c89fb790,0x00000000c9400000)
 PSPermGen       total 21504K, used 4695K [0x00000000bc800000, 0x00000000bdd00000, 0x00000000c6e00000)
  object space 21504K, 21% used [0x00000000bc800000,0x00000000bcc95c78,0x00000000bdd00000)
Event: 0.641 GC heap after
Heap after GC invocations=4 (full 1):
 PSYoungGen      total 32768K, used 0K [0x00000000ecf00000, 0x00000000f0f00000, 0x0000000100000000)
  eden space 30720K, 0% used [0x00000000ecf00000,0x00000000ecf00000,0x00000000eed00000)
  from space 2048K, 0% used [0x00000000eed00000,0x00000000eed00000,0x00000000eef00000)
  to   space 2048K, 0% used [0x00000000f0d00000,0x00000000f0d00000,0x00000000f0f00000)
 ParOldGen       total 65536K, used 25444K [0x00000000c6e00000, 0x00000000cae00000, 0x00000000ecf00000)
  object space 65536K, 38% used [0x00000000c6e00000,0x00000000c86d9260,0x00000000cae00000)
 PSPermGen       total 21504K, used 4694K [0x00000000bc800000, 0x00000000bdd00000, 0x00000000c6e00000)
  object space 21504K, 21% used [0x00000000bc800000,0x00000000bcc95828,0x00000000bdd00000)
}
Event: 0.671 GC heap before
{Heap before GC invocations=5 (full 1):
 PSYoungGen      total 32768K, used 30720K [0x00000000ecf00000, 0x00000000f0f00000, 0x0000000100000000)
  eden space 30720K, 100% used [0x00000000ecf00000,0x00000000eed00000,0x00000000eed00000)
  from space 2048K, 0% used [0x00000000eed00000,0x00000000eed00000,0x00000000eef00000)
  to   space 2048K, 0% used [0x00000000f0d00000,0x00000000f0d00000,0x00000000f0f00000)
 ParOldGen       total 65536K, used 25444K [0x00000000c6e00000, 0x00000000cae00000, 0x00000000ecf00000)
  object space 65536K, 38% used [0x00000000c6e00000,0x00000000c86d9260,0x00000000cae00000)
 PSPermGen       total 21504K, used 4694K [0x00000000bc800000, 0x00000000bdd00000, 0x00000000c6e00000)
  object space 21504K, 21% used [0x00000000bc800000,0x00000000bcc95828,0x00000000bdd00000)
Event: 0.699 GC heap after
Heap after GC invocations=5 (full 1):
 PSYoungGen      total 48128K, used 2048K [0x00000000ecf00000, 0x00000000f0f00000, 0x0000000100000000)
  eden space 46080K, 0% used [0x00000000ecf00000,0x00000000ecf00000,0x00000000efc00000)
  from space 2048K, 100% used [0x00000000f0d00000,0x00000000f0f00000,0x00000000f0f00000)
  to   space 2048K, 0% used [0x00000000f0b00000,0x00000000f0b00000,0x00000000f0d00000)
 ParOldGen       total 65536K, used 41930K [0x00000000c6e00000, 0x00000000cae00000, 0x00000000ecf00000)
  object space 65536K, 63% used [0x00000000c6e00000,0x00000000c96f2b58,0x00000000cae00000)
 PSPermGen       total 21504K, used 4694K [0x00000000bc800000, 0x00000000bdd00000, 0x00000000c6e00000)
  object space 21504K, 21% used [0x00000000bc800000,0x00000000bcc95828,0x00000000bdd00000)
}
Event: 1.041 GC heap before
{Heap before GC invocations=6 (full 1):
 PSYoungGen      total 48128K, used 48128K [0x00000000ecf00000, 0x00000000f0f00000, 0x0000000100000000)
  eden space 46080K, 100% used [0x00000000ecf00000,0x00000000efc00000,0x00000000efc00000)
  from space 2048K, 100% used [0x00000000f0d00000,0x00000000f0f00000,0x00000000f0f00000)
  to   space 2048K, 0% used [0x00000000f0b00000,0x00000000f0b00000,0x00000000f0d00000)
 ParOldGen       total 65536K, used 41930K [0x00000000c6e00000, 0x00000000cae00000, 0x00000000ecf00000)
  object space 65536K, 63% used [0x00000000c6e00000,0x00000000c96f2b58,0x00000000cae00000)
 PSPermGen       total 21504K, used 4747K [0x00000000bc800000, 0x00000000bdd00000, 0x00000000c6e00000)
  object space 21504K, 22% used [0x00000000bc800000,0x00000000bcca2dd0,0x00000000bdd00000)

