# JRE version: OpenJDK Runtime Environment (7.0_95) (build 1.7.0_95-b00)
# Java VM: OpenJDK 64-Bit Server VM (24.95-b01 mixed mode linux-amd64 compressed oops)
Heap
 PSYoungGen      total 46592K, used 2048K [0x00000000ecf00000, 0x00000000f0f00000, 0x0000000100000000)
  eden space 44544K, 0% used [0x00000000ecf00000,0x00000000ecf00000,0x00000000efa80000)
  from space 2048K, 100% used [0x00000000f0b00000,0x00000000f0d00000,0x00000000f0d00000)
  to   space 2048K, 0% used [0x00000000f0d00000,0x00000000f0d00000,0x00000000f0f00000)
 ParOldGen       total 78848K, used 63907K [0x00000000c6e00000, 0x00000000cbb00000, 0x00000000ecf00000)
  object space 78848K, 81% used [0x00000000c6e00000,0x00000000cac68f38,0x00000000cbb00000)
 PSPermGen       total 21504K, used 4893K [0x00000000bc800000, 0x00000000bdd00000, 0x00000000c6e00000)
  object space 21504K, 22% used [0x00000000bc800000,0x00000000bccc7548,0x00000000bdd00000)
GC Heap History (10 events):
Event: 0.327 GC heap after
Heap after GC invocations=1 (full 0):
 PSYoungGen      total 17408K, used 2030K [0x00000000ecf00000, 0x00000000ef100000, 0x0000000100000000)
  eden space 15360K, 0% used [0x00000000ecf00000,0x00000000ecf00000,0x00000000ede00000)
  from space 2048K, 99% used [0x00000000ede00000,0x00000000edffb9e0,0x00000000ee000000)
  to   space 2048K, 0% used [0x00000000eef00000,0x00000000eef00000,0x00000000ef100000)
 ParOldGen       total 38912K, used 11392K [0x00000000c6e00000, 0x00000000c9400000, 0x00000000ecf00000)
  object space 38912K, 29% used [0x00000000c6e00000,0x00000000c7920360,0x00000000c9400000)
 PSPermGen       total 21504K, used 4777K [0x00000000bc800000, 0x00000000bdd00000, 0x00000000c6e00000)
  object space 21504K, 22% used [0x00000000bc800000,0x00000000bccaa7a8,0x00000000bdd00000)
}
Event: 0.341 GC heap before
{Heap before GC invocations=2 (full 0):
 PSYoungGen      total 17408K, used 17390K [0x00000000ecf00000, 0x00000000ef100000, 0x0000000100000000)
  eden space 15360K, 100% used [0x00000000ecf00000,0x00000000ede00000,0x00000000ede00000)
  from space 2048K, 99% used [0x00000000ede00000,0x00000000edffb9e0,0x00000000ee000000)
  to   space 2048K, 0% used [0x00000000eef00000,0x00000000eef00000,0x00000000ef100000)
 ParOldGen       total 38912K, used 11392K [0x00000000c6e00000, 0x00000000c9400000, 0x00000000ecf00000)
  object space 38912K, 29% used [0x00000000c6e00000,0x00000000c7920360,0x00000000c9400000)
 PSPermGen       total 21504K, used 4777K [0x00000000bc800000, 0x00000000bdd00000, 0x00000000c6e00000)
  object space 21504K, 22% used [0x00000000bc800000,0x00000000bccaa7a8,0x00000000bdd00000)
Event: 0.359 GC heap after
Heap after GC invocations=2 (full 0):
 PSYoungGen      total 32768K, used 2038K [0x00000000ecf00000, 0x00000000ef100000, 0x0000000100000000)
  eden space 30720K, 0% used [0x00000000ecf00000,0x00000000ecf00000,0x00000000eed00000)
  from space 2048K, 99% used [0x00000000eef00000,0x00000000ef0fdba8,0x00000000ef100000)
  to   space 2048K, 0% used [0x00000000eed00000,0x00000000eed00000,0x00000000eef00000)
 ParOldGen       total 38912K, used 19495K [0x00000000c6e00000, 0x00000000c9400000, 0x00000000ecf00000)
  object space 38912K, 50% used [0x00000000c6e00000,0x00000000c8109d98,0x00000000c9400000)
 PSPermGen       total 21504K, used 4777K [0x00000000bc800000, 0x00000000bdd00000, 0x00000000c6e00000)
  object space 21504K, 22% used [0x00000000bc800000,0x00000000bccaa7a8,0x00000000bdd00000)
}
Event: 0.394 GC heap before
{Heap before GC invocations=3 (full 0):
 PSYoungGen      total 32768K, used 32758K [0x00000000ecf00000, 0x00000000ef100000, 0x0000000100000000)
  eden space 30720K, 100% used [0x00000000ecf00000,0x00000000eed00000,0x00000000eed00000)
  from space 2048K, 99% used [0x00000000eef00000,0x00000000ef0fdba8,0x00000000ef100000)
  to   space 2048K, 0% used [0x00000000eed00000,0x00000000eed00000,0x00000000eef00000)
 ParOldGen       total 38912K, used 19495K [0x00000000c6e00000, 0x00000000c9400000, 0x00000000ecf00000)
  object space 38912K, 50% used [0x00000000c6e00000,0x00000000c8109d98,0x00000000c9400000)
 PSPermGen       total 21504K, used 4777K [0x00000000bc800000, 0x00000000bdd00000, 0x00000000c6e00000)
  object space 21504K, 22% used [0x00000000bc800000,0x00000000bccaa7a8,0x00000000bdd00000)
Event: 0.425 GC heap after
Heap after GC invocations=3 (full 0):
 PSYoungGen      total 32768K, used 2048K [0x00000000ecf00000, 0x00000000f0f00000, 0x0000000100000000)
  eden space 30720K, 0% used [0x00000000ecf00000,0x00000000ecf00000,0x00000000eed00000)
  from space 2048K, 100% used [0x00000000eed00000,0x00000000eef00000,0x00000000eef00000)
  to   space 2048K, 0% used [0x00000000f0d00000,0x00000000f0d00000,0x00000000f0f00000)
 ParOldGen       total 38912K, used 37169K [0x00000000c6e00000, 0x00000000c9400000, 0x00000000ecf00000)
  object space 38912K, 95% used [0x00000000c6e00000,0x00000000c924c4a8,0x00000000c9400000)
 PSPermGen       total 21504K, used 4777K [0x00000000bc800000, 0x00000000bdd00000, 0x00000000c6e00000)
  object space 21504K, 22% used [0x00000000bc800000,0x00000000bccaa7a8,0x00000000bdd00000)
}
Event: 0.425 GC heap before
{Heap before GC invocations=4 (full 1):
 PSYoungGen      total 32768K, used 2048K [0x00000000ecf00000, 0x00000000f0f00000, 0x0000000100000000)
  eden space 30720K, 0% used [0x00000000ecf00000,0x00000000ecf00000,0x00000000eed00000)
  from space 2048K, 100% used [0x00000000eed00000,0x00000000eef00000,0x00000000eef00000)
  to   space 2048K, 0% used [0x00000000f0d00000,0x00000000f0d00000,0x00000000f0f00000)
 ParOldGen       total 38912K, used 37169K [0x00000000c6e00000, 0x00000000c9400000, 0x00000000ecf00000)
  object space 38912K, 95% used [0x00000000c6e00000,0x00000000c924c4a8,0x00000000c9400000)
 PSPermGen       total 21504K, used 4777K [0x00000000bc800000, 0x00000000bdd00000, 0x00000000c6e00000)
  object space 21504K, 22% used [0x00000000bc800000,0x00000000bccaa7a8,0x00000000bdd00000)
Event: 0.673 GC heap after
Heap after GC invocations=4 (full 1):
 PSYoungGen      total 32768K, used 0K [0x00000000ecf00000, 0x00000000f0f00000, 0x0000000100000000)
  eden space 30720K, 0% used [0x00000000ecf00000,0x00000000ecf00000,0x00000000eed00000)
  from space 2048K, 0% used [0x00000000eed00000,0x00000000eed00000,0x00000000eef00000)
  to   space 2048K, 0% used [0x00000000f0d00000,0x00000000f0d00000,0x00000000f0f00000)
 ParOldGen       total 78848K, used 35926K [0x00000000c6e00000, 0x00000000cbb00000, 0x00000000ecf00000)
  object space 78848K, 45% used [0x00000000c6e00000,0x00000000c9115bd0,0x00000000cbb00000)
 PSPermGen       total 21504K, used 4776K [0x00000000bc800000, 0x00000000bdd00000, 0x00000000c6e00000)
  object space 21504K, 22% used [0x00000000bc800000,0x00000000bccaa358,0x00000000bdd00000)
}
Event: 0.702 GC heap before
{Heap before GC invocations=5 (full 1):
 PSYoungGen      total 32768K, used 30720K [0x00000000ecf00000, 0x00000000f0f00000, 0x0000000100000000)
  eden space 30720K, 100% used [0x00000000ecf00000,0x00000000eed00000,0x00000000eed00000)
  from space 2048K, 0% used [0x00000000eed00000,0x00000000eed00000,0x00000000eef00000)
  to   space 2048K, 0% used [0x00000000f0d00000,0x00000000f0d00000,0x00000000f0f00000)
 ParOldGen       total 78848K, used 35926K [0x00000000c6e00000, 0x00000000cbb00000, 0x00000000ecf00000)
  object space 78848K, 45% used [0x00000000c6e00000,0x00000000c9115bd0,0x00000000cbb00000)
 PSPermGen       total 21504K, used 4776K [0x00000000bc800000, 0x00000000bdd00000, 0x00000000c6e00000)
  object space 21504K, 22% used [0x00000000bc800000,0x00000000bccaa358,0x00000000bdd00000)
Event: 0.726 GC heap after
Heap after GC invocations=5 (full 1):
 PSYoungGen      total 46592K, used 2048K [0x00000000ecf00000, 0x00000000f0f00000, 0x0000000100000000)
  eden space 44544K, 0% used [0x00000000ecf00000,0x00000000ecf00000,0x00000000efa80000)
  from space 2048K, 100% used [0x00000000f0d00000,0x00000000f0f00000,0x00000000f0f00000)
  to   space 2048K, 0% used [0x00000000f0b00000,0x00000000f0b00000,0x00000000f0d00000)
 ParOldGen       total 78848K, used 52933K [0x00000000c6e00000, 0x00000000cbb00000, 0x00000000ecf00000)
  object space 78848K, 67% used [0x00000000c6e00000,0x00000000ca1b1658,0x00000000cbb00000)
 PSPermGen       total 21504K, used 4776K [0x00000000bc800000, 0x00000000bdd00000, 0x00000000c6e00000)
  object space 21504K, 22% used [0x00000000bc800000,0x00000000bccaa358,0x00000000bdd00000)
}
Event: 1.680 GC heap before
{Heap before GC invocations=6 (full 1):
 PSYoungGen      total 46592K, used 46592K [0x00000000ecf00000, 0x00000000f0f00000, 0x0000000100000000)
  eden space 44544K, 100% used [0x00000000ecf00000,0x00000000efa80000,0x00000000efa80000)
  from space 2048K, 100% used [0x00000000f0d00000,0x00000000f0f00000,0x00000000f0f00000)
  to   space 2048K, 0% used [0x00000000f0b00000,0x00000000f0b00000,0x00000000f0d00000)
 ParOldGen       total 78848K, used 52933K [0x00000000c6e00000, 0x00000000cbb00000, 0x00000000ecf00000)
  object space 78848K, 67% used [0x00000000c6e00000,0x00000000ca1b1658,0x00000000cbb00000)
 PSPermGen       total 21504K, used 4893K [0x00000000bc800000, 0x00000000bdd00000, 0x00000000c6e00000)
  object space 21504K, 22% used [0x00000000bc800000,0x00000000bccc7548,0x00000000bdd00000)

